<?xml version="1.0" encoding="UTF-8"?>
<testsuite xmlns:xsi="http://www.w3.org/2001/XMLSchema-instance" xsi:noNamespaceSchemaLocation="https://maven.apache.org/surefire/maven-surefire-plugin/xsd/surefire-test-report.xsd" version="3.0.2" name="TestSuite" time="11.763" tests="2" errors="0" skipped="0" failures="0">
  <properties>
[...]
</properties>
  <testcase name="verify_account_registration" classname="testCases.TC001_AccountRegistrationTest" time="1.498">
    <system-out><![CDATA[17:11:59.363 [main] DEBUG org.testng.TestNG - suiteXmlPath: "D:\Automation Testing\Java\OpencartV121\master.xml"
17:11:59.385 [main] WARN  org.testng.xml.TestNGContentHandler - It is strongly recommended to add "<!DOCTYPE suite SYSTEM "https://testng.org/testng-1.1.dtd" >" at the top of the suite file [D:\Automation Testing\Java\OpencartV121\master.xml] otherwise TestNG may fail or not work as expected.
17:12:02.836 [main] INFO  testCases.TC001_AccountRegistrationTest - ***** Starting TC001 AccountRegistrationTest ******
17:12:02.928 [main] INFO  testCases.TC001_AccountRegistrationTest - Clicked on MyAccount Link
17:12:03.234 [main] INFO  testCases.TC001_AccountRegistrationTest - Clicked on Register Link
17:12:03.236 [main] INFO  testCases.TC001_AccountRegistrationTest - Providing customer details...
17:12:03.628 [main] INFO  testCases.TC001_AccountRegistrationTest - Setting privacy policy...
17:12:03.649 [main] INFO  testCases.TC001_AccountRegistrationTest - Clicking continue button...
17:12:04.277 [main] INFO  testCases.TC001_AccountRegistrationTest - Validating expected message..
17:12:04.322 [main] INFO  testCases.TC001_AccountRegistrationTest - ***** Finished TC001 AccountRegistrationTest ******
]]></system-out>
    <system-err><![CDATA[thg 4 09, 2025 5:12:01 CH org.openqa.selenium.devtools.CdpVersionFinder findNearestMatch
WARNING: Unable to find an exact match for CDP version 135, returning the closest version; found: 134; Please update to a Selenium version that supports CDP version 135
]]></system-err>
  </testcase>
  <testcase name="verify_login" classname="testCases.TC002_LoginTest" time="3.099">
    <system-out><![CDATA[17:12:06.533 [main] INFO  testCases.TC002_LoginTest - ***** Starting TC002_LoginTest *****
17:12:06.533 [main] INFO  testCases.TC002_LoginTest - Clicking on My Account
17:12:06.604 [main] INFO  testCases.TC002_LoginTest - Clicking on Login
17:12:06.830 [main] INFO  testCases.TC002_LoginTest - Providing email
17:12:06.930 [main] INFO  testCases.TC002_LoginTest - Providing password
123456aA@
17:12:09.020 [main] INFO  testCases.TC002_LoginTest - Clicking on login button
17:12:09.587 [main] INFO  testCases.TC002_LoginTest - Validating login successfully!
17:12:09.629 [main] INFO  testCases.TC002_LoginTest - ***** Finished TC002_LoginTest *****
]]></system-out>
    <system-err><![CDATA[thg 4 09, 2025 5:12:05 CH org.openqa.selenium.devtools.CdpVersionFinder findNearestMatch
WARNING: Unable to find an exact match for CDP version 135, returning the closest version; found: 134; Please update to a Selenium version that supports CDP version 135
]]></system-err>
  </testcase>
</testsuite>